<?xml version="1.0" encoding="UTF-8"?>
<!-- Generated by org.testng.reporters.JUnitReportReporter -->
<testsuite hostname="DELLInspiron15" failures="0" tests="2" name="Academymmk.MavenTest.HomePage" time="7.441" errors="0" timestamp="07 Oct 2020 17:50:14 GMT" skipped="0">
  <testcase classname="Academymmk.MavenTest.HomePage" name="BaseIntialization" time="4.599"/>
  <testcase classname="Academymmk.MavenTest.HomePage" name="BaseIntialization" time="2.842"/>
</testsuite> <!-- Academymmk.MavenTest.HomePage -->
