<?xml version="1.0" encoding="UTF-8"?>
<!-- Generated by org.testng.reporters.JUnitReportReporter -->
<testsuite hostname="DELLInspiron15" failures="0" tests="1" name="Academymmk.MavenTest.URL" time="0.139" errors="0" timestamp="07 Oct 2020 17:50:14 GMT" skipped="0">
  <testcase classname="Academymmk.MavenTest.URL" name="BaseIntialization" time="0.139"/>
</testsuite> <!-- Academymmk.MavenTest.URL -->
