<?xml version="1.0" encoding="UTF-8"?>
<!-- Generated by org.testng.reporters.JUnitReportReporter -->
<testsuite hostname="DELLInspiron15" failures="0" tests="1" name="Academymmk.MavenTest.Demo" time="0.002" errors="0" timestamp="07 Oct 2020 17:50:14 GMT" skipped="0">
  <testcase classname="Academymmk.MavenTest.Demo" name="check" time="0.002"/>
</testsuite> <!-- Academymmk.MavenTest.Demo -->
