<?xml version="1.0" encoding="UTF-8"?>
<!-- Generated by org.testng.reporters.JUnitReportReporter -->
<testsuite skipped="0" hostname="DELLInspiron15" name="Academymmk.MavenTest.URL" tests="1" failures="0" timestamp="2020-10-13T22:41:20 IST" time="0.225" errors="0">
  <testcase name="BaseIntialization" time="0.225" classname="Academymmk.MavenTest.URL"/>
  <system-out/>
</testsuite> <!-- Academymmk.MavenTest.URL -->
