<?xml version="1.0" encoding="UTF-8"?>
<!-- Generated by org.testng.reporters.JUnitReportReporter -->
<testsuite skipped="0" hostname="DELLInspiron15" name="Academymmk.MavenTest.HomePage" tests="2" failures="0" timestamp="2020-10-13T22:41:20 IST" time="9.861" errors="0">
  <testcase name="BaseIntialization" time="2.962" classname="Academymmk.MavenTest.HomePage"/>
  <system-out/>
  <testcase name="BaseIntialization" time="6.899" classname="Academymmk.MavenTest.HomePage"/>
  <system-out/>
</testsuite> <!-- Academymmk.MavenTest.HomePage -->
