<?xml version="1.0" encoding="UTF-8"?>
<!-- Generated by org.testng.reporters.JUnitReportReporter -->
<testsuite skipped="0" hostname="DELLInspiron15" name="Academymmk.MavenTest.Demo" tests="1" failures="0" timestamp="2020-10-13T22:41:20 IST" time="0.000" errors="0">
  <testcase name="check" time="0.000" classname="Academymmk.MavenTest.Demo"/>
  <system-out/>
</testsuite> <!-- Academymmk.MavenTest.Demo -->
